Module slurm/15.08.1 loaded 
AAA:
51
AAT:
58
AAG:
61
AAC:
44
ATA:
44
ATT:
46
ATG:
45
ATC:
40
AGA:
31
AGT:
46
AGG:
50
AGC:
40
ACA:
37
ACT:
45
ACG:
25
ACC:
46
TAA:
39
TAT:
42
TAG:
28
TAC:
19
TTA:
30
TTT:
45
TTG:
45
TTC:
38
TGA:
45
TGT:
39
TGG:
32
TGC:
18
TCA:
26
TCT:
28
TCG:
17
TCC:
23
GAA:
54
GAT:
43
GAG:
50
GAC:
36
GTA:
38
GTT:
52
GTG:
35
GTC:
42
GGA:
44
GGT:
35
GGG:
31
GGC:
39
GCA:
39
GCT:
51
GCG:
25
GCC:
37
CAA:
42
CAT:
48
CAG:
31
CAC:
53
CTA:
25
CTT:
52
CTG:
17
CTC:
31
CGA:
19
CGT:
24
CGG:
20
CGC:
22
CCA:
40
CCT:
37
CCG:
29
CCC:
1742
